2020-04-09 15:09:38.450 INFO [main] [com.stepdefinitions.Definition_Register] [launch_the_Browser_and_enter_the_url] [com.stepdefinitions.Definition_Register.launch_the_Browser_and_enter_the_url(Definition_Register.java:24)] - Browser is launched
2020-04-09 15:10:40.779 INFO [main] [com.stepdefinitions.Definition_loginpage] [navigate_to_login_page] [com.stepdefinitions.Definition_loginpage.navigate_to_login_page(Definition_loginpage.java:32)] - login buttion is clicked
2020-04-09 15:10:55.280 INFO [main] [com.stepdefinitions.Definition_loginpage] [enter_email] [com.stepdefinitions.Definition_loginpage.enter_email(Definition_loginpage.java:42)] - User name is enterd
2020-04-09 15:10:56.006 INFO [main] [com.stepdefinitions.Definition_loginpage] [enter_password] [com.stepdefinitions.Definition_loginpage.enter_password(Definition_loginpage.java:53)] - password is entered
2020-04-09 15:10:59.379 INFO [main] [com.stepdefinitions.Definition_loginpage] [click_on_login_button] [com.stepdefinitions.Definition_loginpage.click_on_login_button(Definition_loginpage.java:62)] - Login button is clicked
2020-04-09 15:10:59.877 INFO [main] [com.stepdefinitions.Definition_loginpage] [click_on_login_button] [com.stepdefinitions.Definition_loginpage.click_on_login_button(Definition_loginpage.java:66)] - Screenshot is taken
2020-04-09 15:11:16.752 INFO [main] [com.stepdefinitions.Definition_search_review] [launch_browser_and_enter_the_url] [com.stepdefinitions.Definition_search_review.launch_browser_and_enter_the_url(Definition_search_review.java:28)] - Browser is launched
2020-04-09 15:11:26.359 INFO [main] [com.stepdefinitions.Definition_search_review] [enter_the_product_in] [com.stepdefinitions.Definition_search_review.enter_the_product_in(Definition_search_review.java:39)] - Login is clicked
2020-04-09 15:11:29.899 INFO [main] [com.stepdefinitions.Definition_search_review] [enter_the_product_in] [com.stepdefinitions.Definition_search_review.enter_the_product_in(Definition_search_review.java:43)] - Text is enterd in search bar
2020-04-09 15:11:38.808 INFO [main] [com.stepdefinitions.Definition_search_review] [select_the_product_and_review_it] [com.stepdefinitions.Definition_search_review.select_the_product_and_review_it(Definition_search_review.java:55)] - Review is given
2020-04-09 15:11:39.542 INFO [main] [com.stepdefinitions.Definition_search_review] [select_the_product_and_review_it] [com.stepdefinitions.Definition_search_review.select_the_product_and_review_it(Definition_search_review.java:58)] - Screen shot is taken
2020-04-09 15:11:53.302 INFO [main] [com.stepdefinitions.Definition_search_review] [launch_browser_and_enter_the_url] [com.stepdefinitions.Definition_search_review.launch_browser_and_enter_the_url(Definition_search_review.java:28)] - Browser is launched
2020-04-09 15:11:59.515 INFO [main] [com.stepdefinitions.Definition_search_review] [enter_the_product_in] [com.stepdefinitions.Definition_search_review.enter_the_product_in(Definition_search_review.java:39)] - Login is clicked
2020-04-09 15:12:03.599 INFO [main] [com.stepdefinitions.Definition_search_review] [enter_the_product_in] [com.stepdefinitions.Definition_search_review.enter_the_product_in(Definition_search_review.java:43)] - Text is enterd in search bar
2020-04-09 15:12:38.124 INFO [main] [com.stepdefinitions.Definition_passwordchange] [launch_the_Browser_and_enter_the_opencart_url] [com.stepdefinitions.Definition_passwordchange.launch_the_Browser_and_enter_the_opencart_url(Definition_passwordchange.java:25)] - Browseer is launched 
2020-04-09 15:12:46.274 INFO [main] [com.stepdefinitions.Definition_passwordchange] [after_login_navigate_to_my_accounts] [com.stepdefinitions.Definition_passwordchange.after_login_navigate_to_my_accounts(Definition_passwordchange.java:36)] - Login is clicked
2020-04-09 15:12:54.008 INFO [main] [com.stepdefinitions.Definition_passwordchange] [change_the_password] [com.stepdefinitions.Definition_passwordchange.change_the_password(Definition_passwordchange.java:49)] - password is changed
2020-04-09 15:12:56.011 INFO [main] [com.stepdefinitions.Definition_passwordchange] [change_the_password] [com.stepdefinitions.Definition_passwordchange.change_the_password(Definition_passwordchange.java:53)] - Screenshot is taken
2020-04-09 15:20:41.435 INFO [main] [com.stepdefinitions.Definition_Register] [launch_the_Browser_and_enter_the_url] [com.stepdefinitions.Definition_Register.launch_the_Browser_and_enter_the_url(Definition_Register.java:24)] - Browser is launched
2020-04-09 15:21:11.282 INFO [main] [com.stepdefinitions.Definition_loginpage] [navigate_to_login_page] [com.stepdefinitions.Definition_loginpage.navigate_to_login_page(Definition_loginpage.java:32)] - login buttion is clicked
2020-04-09 15:21:22.924 INFO [main] [com.stepdefinitions.Definition_loginpage] [enter_email] [com.stepdefinitions.Definition_loginpage.enter_email(Definition_loginpage.java:42)] - User name is enterd
2020-04-09 15:21:23.445 INFO [main] [com.stepdefinitions.Definition_loginpage] [enter_password] [com.stepdefinitions.Definition_loginpage.enter_password(Definition_loginpage.java:53)] - password is entered
2020-04-09 15:21:27.235 INFO [main] [com.stepdefinitions.Definition_loginpage] [click_on_login_button] [com.stepdefinitions.Definition_loginpage.click_on_login_button(Definition_loginpage.java:62)] - Login button is clicked
2020-04-09 15:21:27.753 INFO [main] [com.stepdefinitions.Definition_loginpage] [click_on_login_button] [com.stepdefinitions.Definition_loginpage.click_on_login_button(Definition_loginpage.java:66)] - Screenshot is taken
2020-04-09 15:21:40.624 INFO [main] [com.stepdefinitions.Definition_search_review] [launch_browser_and_enter_the_url] [com.stepdefinitions.Definition_search_review.launch_browser_and_enter_the_url(Definition_search_review.java:28)] - Browser is launched
2020-04-09 15:21:49.638 INFO [main] [com.stepdefinitions.Definition_search_review] [enter_the_product_in] [com.stepdefinitions.Definition_search_review.enter_the_product_in(Definition_search_review.java:39)] - Login is clicked
2020-04-09 15:21:52.795 INFO [main] [com.stepdefinitions.Definition_search_review] [enter_the_product_in] [com.stepdefinitions.Definition_search_review.enter_the_product_in(Definition_search_review.java:43)] - Text is enterd in search bar
2020-04-09 15:21:59.247 INFO [main] [com.stepdefinitions.Definition_search_review] [select_the_product_and_review_it] [com.stepdefinitions.Definition_search_review.select_the_product_and_review_it(Definition_search_review.java:55)] - Review is given
2020-04-09 15:21:59.883 INFO [main] [com.stepdefinitions.Definition_search_review] [select_the_product_and_review_it] [com.stepdefinitions.Definition_search_review.select_the_product_and_review_it(Definition_search_review.java:58)] - Screen shot is taken
2020-04-09 15:22:12.767 INFO [main] [com.stepdefinitions.Definition_search_review] [launch_browser_and_enter_the_url] [com.stepdefinitions.Definition_search_review.launch_browser_and_enter_the_url(Definition_search_review.java:28)] - Browser is launched
2020-04-09 15:22:19.648 INFO [main] [com.stepdefinitions.Definition_search_review] [enter_the_product_in] [com.stepdefinitions.Definition_search_review.enter_the_product_in(Definition_search_review.java:39)] - Login is clicked
2020-04-09 15:22:22.062 INFO [main] [com.stepdefinitions.Definition_search_review] [enter_the_product_in] [com.stepdefinitions.Definition_search_review.enter_the_product_in(Definition_search_review.java:43)] - Text is enterd in search bar
2020-04-09 15:22:28.107 INFO [main] [com.stepdefinitions.Definition_search_review] [select_the_product_and_review_it] [com.stepdefinitions.Definition_search_review.select_the_product_and_review_it(Definition_search_review.java:55)] - Review is given
2020-04-09 15:22:28.840 INFO [main] [com.stepdefinitions.Definition_search_review] [select_the_product_and_review_it] [com.stepdefinitions.Definition_search_review.select_the_product_and_review_it(Definition_search_review.java:58)] - Screen shot is taken
2020-04-09 15:22:43.026 INFO [main] [com.stepdefinitions.Definition_passwordchange] [launch_the_Browser_and_enter_the_opencart_url] [com.stepdefinitions.Definition_passwordchange.launch_the_Browser_and_enter_the_opencart_url(Definition_passwordchange.java:25)] - Browseer is launched 
2020-04-09 15:22:51.112 INFO [main] [com.stepdefinitions.Definition_passwordchange] [after_login_navigate_to_my_accounts] [com.stepdefinitions.Definition_passwordchange.after_login_navigate_to_my_accounts(Definition_passwordchange.java:36)] - Login is clicked
2020-04-09 15:22:58.813 INFO [main] [com.stepdefinitions.Definition_passwordchange] [change_the_password] [com.stepdefinitions.Definition_passwordchange.change_the_password(Definition_passwordchange.java:49)] - password is changed
2020-04-09 15:22:59.327 INFO [main] [com.stepdefinitions.Definition_passwordchange] [change_the_password] [com.stepdefinitions.Definition_passwordchange.change_the_password(Definition_passwordchange.java:53)] - Screenshot is taken
